<?xml version="1.0" encoding="UTF-8"?>
<testng-results ignored="0" total="5" passed="5" failed="0" skipped="0">
  <reporter-output>
  </reporter-output>
  <suite started-at="2025-01-10T12:25:36 CST" name="Surefire suite" finished-at="2025-01-10T12:25:41 CST" duration-ms="5119">
    <groups>
    </groups>
    <test started-at="2025-01-10T12:25:36 CST" name="Surefire test" finished-at="2025-01-10T12:25:41 CST" duration-ms="5119">
      <class name="SeleniumDemo.MyFirstTest">
        <test-method is-config="true" signature="setup()[pri:0, instance:SeleniumDemo.MyFirstTest@4f80542f]" started-at="2025-01-10T12:25:36 CST" name="setup" finished-at="2025-01-10T12:25:38 CST" duration-ms="2234" status="PASS">
          <reporter-output>
          </reporter-output>
        </test-method> <!-- setup -->
        <test-method signature="OpenSwagLabsAsStandardUser()[pri:0, instance:SeleniumDemo.MyFirstTest@4f80542f]" started-at="2025-01-10T12:25:38 CST" name="OpenSwagLabsAsStandardUser" finished-at="2025-01-10T12:25:40 CST" duration-ms="1958" status="PASS">
          <reporter-output>
          </reporter-output>
        </test-method> <!-- OpenSwagLabsAsStandardUser -->
        <test-method signature="logoutWebApp()[pri:1, instance:SeleniumDemo.MyFirstTest@4f80542f]" started-at="2025-01-10T12:25:40 CST" name="logoutWebApp" finished-at="2025-01-10T12:25:40 CST" duration-ms="222" status="PASS">
          <reporter-output>
          </reporter-output>
        </test-method> <!-- logoutWebApp -->
        <test-method signature="OpenSwagLabsAsLockedOutUser()[pri:2, instance:SeleniumDemo.MyFirstTest@4f80542f]" started-at="2025-01-10T12:25:40 CST" name="OpenSwagLabsAsLockedOutUser" finished-at="2025-01-10T12:25:41 CST" duration-ms="258" status="PASS">
          <reporter-output>
          </reporter-output>
        </test-method> <!-- OpenSwagLabsAsLockedOutUser -->
        <test-method signature="OpenSwagLabsAsProblemUser()[pri:3, instance:SeleniumDemo.MyFirstTest@4f80542f]" started-at="2025-01-10T12:25:41 CST" name="OpenSwagLabsAsProblemUser" finished-at="2025-01-10T12:25:41 CST" duration-ms="283" status="PASS">
          <reporter-output>
          </reporter-output>
        </test-method> <!-- OpenSwagLabsAsProblemUser -->
        <test-method signature="AddtoCart1()[pri:4, instance:SeleniumDemo.MyFirstTest@4f80542f]" started-at="2025-01-10T12:25:41 CST" name="AddtoCart1" finished-at="2025-01-10T12:25:41 CST" duration-ms="70" status="PASS">
          <reporter-output>
          </reporter-output>
        </test-method> <!-- AddtoCart1 -->
      </class> <!-- SeleniumDemo.MyFirstTest -->
    </test> <!-- Surefire test -->
  </suite> <!-- Surefire suite -->
</testng-results>
